<?xml version="1.0" encoding="UTF-8"?>
<testng-results skipped="0" failed="0" ignored="0" total="1" passed="1">
  <reporter-output>
  </reporter-output>
  <suite name="Default suite" duration-ms="7150" started-at="2019-04-24T11:50:43Z" finished-at="2019-04-24T11:50:50Z">
    <groups>
    </groups>
    <test name="Default test" duration-ms="7150" started-at="2019-04-24T11:50:43Z" finished-at="2019-04-24T11:50:50Z">
      <class name="chromeTest.SelTest">
        <test-method status="PASS" signature="cTest()[pri:0, instance:chromeTest.SelTest@51565ec2]" name="cTest" duration-ms="7072" started-at="2019-04-24T11:50:43Z" finished-at="2019-04-24T11:50:50Z">
          <reporter-output>
          </reporter-output>
        </test-method> <!-- cTest -->
      </class> <!-- chromeTest.SelTest -->
    </test> <!-- Default test -->
  </suite> <!-- Default suite -->
</testng-results>
